Writing PID to tmp/pids/thin.5002.pid
Using rack adapter
Thin web server (v1.6.2 codename Doc Brown)
Maximum connections set to 1024
Listening on 0.0.0.0:5002, CTRL+C to stop
Exiting!
/home/dexter/.rvm/gems/ruby-2.1.0/gems/thin-1.6.2/lib/thin/backends/tcp_server.rb:16:in `connect': cannot load such file -- thin/connection (LoadError)
	from /home/dexter/.rvm/gems/ruby-2.1.0/gems/thin-1.6.2/lib/thin/backends/base.rb:63:in `block in start'
	from /home/dexter/.rvm/gems/ruby-2.1.0/gems/eventmachine-1.0.3/lib/eventmachine.rb:187:in `call'
	from /home/dexter/.rvm/gems/ruby-2.1.0/gems/eventmachine-1.0.3/lib/eventmachine.rb:187:in `run_machine'
	from /home/dexter/.rvm/gems/ruby-2.1.0/gems/eventmachine-1.0.3/lib/eventmachine.rb:187:in `run'
	from /home/dexter/.rvm/gems/ruby-2.1.0/gems/thin-1.6.2/lib/thin/backends/base.rb:73:in `start'
	from /home/dexter/.rvm/gems/ruby-2.1.0/gems/thin-1.6.2/lib/thin/server.rb:162:in `start'
	from /home/dexter/.rvm/gems/ruby-2.1.0/gems/thin-1.6.2/lib/thin/controllers/controller.rb:87:in `start'
	from /home/dexter/.rvm/gems/ruby-2.1.0/gems/thin-1.6.2/lib/thin/runner.rb:199:in `run_command'
	from /home/dexter/.rvm/gems/ruby-2.1.0/gems/thin-1.6.2/lib/thin/runner.rb:155:in `run!'
	from /home/dexter/.rvm/gems/ruby-2.1.0/gems/thin-1.6.2/bin/thin:6:in `<top (required)>'
	from /home/dexter/.rvm/gems/ruby-2.1.0/bin/thin:23:in `load'
	from /home/dexter/.rvm/gems/ruby-2.1.0/bin/thin:23:in `<main>'
	from /home/dexter/.rvm/gems/ruby-2.1.0/bin/ruby_executable_hooks:15:in `eval'
	from /home/dexter/.rvm/gems/ruby-2.1.0/bin/ruby_executable_hooks:15:in `<main>'
